  Bullets.cpp
D:\work\GitHub\BattleCity\BattleCity\Bullets.cpp(60,37): warning C4244: аргумент: преобразование "double" в "int", возможна потеря данных
D:\work\GitHub\BattleCity\BattleCity\Bullets.cpp(60,30): warning C4244: аргумент: преобразование "double" в "int", возможна потеря данных
D:\work\GitHub\BattleCity\BattleCity\Bullets.cpp(62,38): warning C4244: аргумент: преобразование "double" в "int", возможна потеря данных
D:\work\GitHub\BattleCity\BattleCity\Bullets.cpp(62,31): warning C4244: аргумент: преобразование "double" в "int", возможна потеря данных
D:\work\GitHub\BattleCity\BattleCity\Bullets.cpp(65,37): warning C4244: аргумент: преобразование "double" в "int", возможна потеря данных
D:\work\GitHub\BattleCity\BattleCity\Bullets.cpp(65,30): warning C4244: аргумент: преобразование "double" в "int", возможна потеря данных
D:\work\GitHub\BattleCity\BattleCity\Bullets.cpp(69,35): warning C4244: аргумент: преобразование "double" в "int", возможна потеря данных
D:\work\GitHub\BattleCity\BattleCity\Bullets.cpp(69,28): warning C4244: аргумент: преобразование "double" в "int", возможна потеря данных
D:\work\GitHub\BattleCity\BattleCity\Bullets.cpp(93,19): warning C4244: инициализация: преобразование "double" в "int", возможна потеря данных
D:\work\GitHub\BattleCity\BattleCity\Bullets.cpp(93,40): warning C4244: инициализация: преобразование "double" в "int", возможна потеря данных
D:\work\GitHub\BattleCity\BattleCity\Bullets.cpp(94,19): warning C4244: инициализация: преобразование "double" в "int", возможна потеря данных
D:\work\GitHub\BattleCity\BattleCity\Bullets.cpp(94,40): warning C4244: инициализация: преобразование "double" в "int", возможна потеря данных
D:\work\GitHub\BattleCity\BattleCity\Bullets.cpp(204,13): warning C4244: инициализация: преобразование "double" в "int", возможна потеря данных
D:\work\GitHub\BattleCity\BattleCity\Bullets.cpp(205,13): warning C4244: инициализация: преобразование "double" в "int", возможна потеря данных
  Enemies.cpp
  Enemy.cpp
D:\work\GitHub\BattleCity\BattleCity\Enemy.cpp(39,18): warning C4150: удаление указателя на неполный тип "Sprite"; деструктор не вызван
D:\work\GitHub\BattleCity\include\Framework.h(18): message : см. объявление "Sprite"
D:\work\GitHub\BattleCity\BattleCity\Enemy.cpp(106,20): warning C4150: удаление указателя на неполный тип "Sprite"; деструктор не вызван
D:\work\GitHub\BattleCity\include\Framework.h(18): message : см. объявление "Sprite"
D:\work\GitHub\BattleCity\BattleCity\Enemy.cpp(125,35): warning C4244: аргумент: преобразование "double" в "int", возможна потеря данных
D:\work\GitHub\BattleCity\BattleCity\Enemy.cpp(125,28): warning C4244: аргумент: преобразование "double" в "int", возможна потеря данных
D:\work\GitHub\BattleCity\BattleCity\Enemy.cpp(127,37): warning C4244: аргумент: преобразование "double" в "int", возможна потеря данных
D:\work\GitHub\BattleCity\BattleCity\Enemy.cpp(127,30): warning C4244: аргумент: преобразование "double" в "int", возможна потеря данных
D:\work\GitHub\BattleCity\BattleCity\Enemy.cpp(129,37): warning C4244: аргумент: преобразование "double" в "int", возможна потеря данных
D:\work\GitHub\BattleCity\BattleCity\Enemy.cpp(129,30): warning C4244: аргумент: преобразование "double" в "int", возможна потеря данных
D:\work\GitHub\BattleCity\BattleCity\Enemy.cpp(131,38): warning C4244: аргумент: преобразование "double" в "int", возможна потеря данных
D:\work\GitHub\BattleCity\BattleCity\Enemy.cpp(131,31): warning C4244: аргумент: преобразование "double" в "int", возможна потеря данных
D:\work\GitHub\BattleCity\BattleCity\Enemy.cpp(158,15): warning C4244: инициализация: преобразование "double" в "int", возможна потеря данных
D:\work\GitHub\BattleCity\BattleCity\Enemy.cpp(158,28): warning C4244: инициализация: преобразование "double" в "int", возможна потеря данных
D:\work\GitHub\BattleCity\BattleCity\Enemy.cpp(158,45): warning C4244: инициализация: преобразование "double" в "int", возможна потеря данных
D:\work\GitHub\BattleCity\BattleCity\Enemy.cpp(159,15): warning C4244: инициализация: преобразование "double" в "int", возможна потеря данных
D:\work\GitHub\BattleCity\BattleCity\Enemy.cpp(159,28): warning C4244: инициализация: преобразование "double" в "int", возможна потеря данных
D:\work\GitHub\BattleCity\BattleCity\Enemy.cpp(159,45): warning C4244: инициализация: преобразование "double" в "int", возможна потеря данных
  Game.cpp
  GameTimer.cpp
  Level.cpp
  main.cpp
  Player.cpp
D:\work\GitHub\BattleCity\BattleCity\Player.cpp(21,18): warning C4150: удаление указателя на неполный тип "Sprite"; деструктор не вызван
D:\work\GitHub\BattleCity\include\Framework.h(18): message : см. объявление "Sprite"
D:\work\GitHub\BattleCity\BattleCity\Player.cpp(135,33): warning C4244: аргумент: преобразование "double" в "int", возможна потеря данных
D:\work\GitHub\BattleCity\BattleCity\Player.cpp(135,26): warning C4244: аргумент: преобразование "double" в "int", возможна потеря данных
D:\work\GitHub\BattleCity\BattleCity\Player.cpp(137,35): warning C4244: аргумент: преобразование "double" в "int", возможна потеря данных
D:\work\GitHub\BattleCity\BattleCity\Player.cpp(137,28): warning C4244: аргумент: преобразование "double" в "int", возможна потеря данных
D:\work\GitHub\BattleCity\BattleCity\Player.cpp(139,35): warning C4244: аргумент: преобразование "double" в "int", возможна потеря данных
D:\work\GitHub\BattleCity\BattleCity\Player.cpp(139,28): warning C4244: аргумент: преобразование "double" в "int", возможна потеря данных
D:\work\GitHub\BattleCity\BattleCity\Player.cpp(141,36): warning C4244: аргумент: преобразование "double" в "int", возможна потеря данных
D:\work\GitHub\BattleCity\BattleCity\Player.cpp(141,29): warning C4244: аргумент: преобразование "double" в "int", возможна потеря данных
D:\work\GitHub\BattleCity\BattleCity\Player.cpp(144,43): warning C4244: аргумент: преобразование "double" в "int", возможна потеря данных
D:\work\GitHub\BattleCity\BattleCity\Player.cpp(144,36): warning C4244: аргумент: преобразование "double" в "int", возможна потеря данных
D:\work\GitHub\BattleCity\BattleCity\Player.cpp(218,15): warning C4244: инициализация: преобразование "double" в "int", возможна потеря данных
D:\work\GitHub\BattleCity\BattleCity\Player.cpp(218,28): warning C4244: инициализация: преобразование "double" в "int", возможна потеря данных
D:\work\GitHub\BattleCity\BattleCity\Player.cpp(218,45): warning C4244: инициализация: преобразование "double" в "int", возможна потеря данных
D:\work\GitHub\BattleCity\BattleCity\Player.cpp(219,15): warning C4244: инициализация: преобразование "double" в "int", возможна потеря данных
D:\work\GitHub\BattleCity\BattleCity\Player.cpp(219,28): warning C4244: инициализация: преобразование "double" в "int", возможна потеря данных
D:\work\GitHub\BattleCity\BattleCity\Player.cpp(219,45): warning C4244: инициализация: преобразование "double" в "int", возможна потеря данных
  Создание кода...
D:\work\GitHub\BattleCity\BattleCity\Enemies.cpp(24): warning C4715: CEnemies::NextSpawnX: значение возвращается не при всех путях выполнения
  BattleCity.vcxproj -> D:\work\GitHub\BattleCity\x64\Debug\BattleCity.exe

Итоги по проекту:
     5210 мс вызовов   1 D:\work\GitHub\BattleCity\BattleCity\BattleCity.vcxproj
               5210 мс вызовов   1 Build                                   

Итоги по целям:
        0 мс вызовов   1 _BuildCompileAction                     
        0 мс вызовов   1 _ALink                                  
        0 мс вызовов   1 _Link                                   
        0 мс вызовов   1 AfterLink                               
        0 мс вызовов   1 ComputeLinkSwitches                     
        0 мс вызовов   1 PreLinkEvent                            
        0 мс вызовов   1 PrepareResourceNames                    
        0 мс вызовов   1 CreateCustomManifestResourceNames       
        0 мс вызовов   1 ComputeManifestInputsTargets            
        0 мс вызовов   1 ComputeLinkInputsFromProject            
        0 мс вызовов   1 _Manifest                               
        0 мс вызовов   1 ComputeCLGeneratedLinkInputs            
        0 мс вызовов   1 ComputeRCGeneratedLinkInputs            
        0 мс вызовов   1 ComputeRCOutputs                        
        0 мс вызовов   1 BeforeLink                              
        0 мс вызовов   1 BuildLinkTraverse                       
        0 мс вызовов   1 BuildCompile                            
        0 мс вызовов   1 AfterBuildCompileEvent                  
        0 мс вызовов   1 _ResourceCompile                        
        0 мс вызовов   1 AfterResourceCompile                    
        0 мс вызовов   1 MakeDirsForResourceCompile              
        0 мс вызовов   1 ComputeManifestGeneratedLinkerInputs    
        0 мс вызовов   1 BeforeResourceCompile                   
        0 мс вызовов   1 RegisterOutput                          
        0 мс вызовов   1 MakeDirsForXdcMake                      
        0 мс вызовов   1 IncrementalClean                        
        0 мс вызовов   1 AfterBuild                              
        0 мс вызовов   1 BuildLink                               
        0 мс вызовов   1 _BuildLinkAction                        
        0 мс вызовов   1 PostBuildEvent                          
        0 мс вызовов   1 PrepareForRun                           
        0 мс вызовов   1 _CheckForCompileOutputs                 
        0 мс вызовов   1 _CopySourceItemsToOutputDirectory       
        0 мс вызовов   1 _GetCopyToOutputDirectoryItemsFromTransitiveProjectReferences
        0 мс вызовов   1 ResolvedXDCMake                         
        0 мс вызовов   1 GetCopyToOutputDirectoryXamlAppDefs     
        0 мс вызовов   1 _Deploy                                 
        0 мс вызовов   1 _Appverifier                            
        0 мс вызовов   1 CreateSatelliteAssemblies               
        0 мс вызовов   1 ContentFilesProjectOutputGroup          
        0 мс вызовов   1 SatelliteDllsProjectOutputGroup         
        0 мс вызовов   1 _BscMake                                
        0 мс вызовов   1 MakeDirsForBscMake                      
        0 мс вызовов   1 ComputeCLCompileGeneratedSbrFiles       
        0 мс вызовов   1 _XdcMake                                
        0 мс вызовов   1 _PopulateCommonStateForGetCopyToOutputDirectoryItems
        0 мс вызовов   1 _ClCompile                              
        0 мс вызовов   1 Build                                   
        0 мс вызовов   1 PreBuildEvent                           
        0 мс вызовов   1 _Xsd                                    
        0 мс вызовов   1 ComputeCustomBuildOutput                
        0 мс вызовов   1 SelectCustomBuild                       
        0 мс вызовов   1 _SelectedFiles                          
        0 мс вызовов   1 BeforeBuildGenerateSources              
        0 мс вызовов   1 BuildGenerateSourcesTraverse            
        0 мс вызовов   1 _SplitProjectReferencesByFileExistence  
        0 мс вызовов   1 MakeDirsForMidl                         
        0 мс вызовов   1 ResolveReferences                       
        0 мс вызовов   1 ExpandSDKReferences                     
        0 мс вызовов   1 ResolveSDKReferences                    
        0 мс вызовов   1 SetCABuildNativeEnvironmentVariables    
        0 мс вызовов   1 GetResolvedWinMD                        
        0 мс вызовов   1 GetReferenceAssemblyPaths               
        0 мс вызовов   1 GetFrameworkPaths                       
        0 мс вызовов   1 PrepareProjectReferences                
        0 мс вызовов   1 AfterResolveReferences                  
        0 мс вызовов   1 ComputeMIDLGeneratedCompileInputs       
        0 мс вызовов   1 BeforeResolveReferences                 
        0 мс вызовов   1 BuildGenerateSources                    
        0 мс вызовов   1 BeforeClCompile                         
        0 мс вызовов   1 AfterMidl                               
        0 мс вызовов   1 _PrepareForReferenceResolution          
        0 мс вызовов   1 BuildCompileTraverse                    
        0 мс вызовов   1 GetReferencedVCProjectsInfo             
        0 мс вызовов   1 SetTelemetryEnvironmentVariables        
        0 мс вызовов   1 _BuildGenerateSourcesAction             
        0 мс вызовов   1 AfterBuildGenerateSourcesEvent          
        0 мс вызовов   1 FindReferenceAssembliesForReferences    
        0 мс вызовов   1 AfterBuildGenerateSources               
        0 мс вызовов   1 ComputeReferenceCLInput                 
        0 мс вызовов   1 _Midl                                   
        1 мс вызовов   1 ResolveAssemblyReferences               
        1 мс вызовов   1 CopyFileToFolders                       
        1 мс вызовов   1 SelectClCompile                         
        1 мс вызовов   1 ResolveProjectReferences                
        1 мс вызовов   1 AssignProjectConfiguration              
        1 мс вызовов   1 ComputeLegacyManifestEmbedding          
        1 мс вызовов   1 ComputeLinkImportLibraryOutputsForClean 
        1 мс вызовов   1 DoLinkOutputFilesMatch                  
        1 мс вызовов   1 AfterClCompile                          
        1 мс вызовов   1 ComputeCLInputPDBName                   
        1 мс вызовов   1 _CheckWindowsSDKInstalled               
        1 мс вызовов   1 BuiltProjectOutputGroup                 
        1 мс вызовов   1 MakeDirsForFxc                          
        1 мс вызовов   1 _PrepareForBuild                        
        1 мс вызовов   1 _GenerateSatelliteAssemblyInputs        
        1 мс вызовов   1 ComputeCLOutputs                        
        1 мс вызовов   1 MakeDirsForLink                         
        1 мс вызовов   1 AssignTargetPaths                       
        1 мс вызовов   1 _GetCopyToOutputDirectoryItemsFromThisProject
        1 мс вызовов   1 CopyFilesToOutputDirectory              
        1 мс вызовов   1 FixupCLCompileOptions                   
        1 мс вызовов   1 SplitResourcesByCulture                 
        1 мс вызовов   1 SetBuildDefaultEnvironmentVariables     
        1 мс вызовов   1 ComputeCLCompileGeneratedXDCFiles       
        1 мс вызовов   1 CreateRecipeFile                        
        1 мс вызовов   1 MakeDirsForCl                           
        1 мс вызовов   1 _GetProjectReferenceTargetFrameworkProperties
        2 мс вызовов   1 InitializeBuildStatus                   
        2 мс вызовов   1 FinalizeBuildStatus                     
        2 мс вызовов   1 GetCopyToOutputDirectoryItems           
        2 мс вызовов   1 CustomBuild                             
        2 мс вызовов   1 WarnCompileDuplicatedFilename           
        2 мс вызовов   1 _CleanGetCurrentAndPriorFileWrites      
        2 мс вызовов   1 _CheckForInvalidConfigurationAndPlatform
        3 мс вызовов   1 PrepareForBuild                         
      507 мс вызовов   1 Link                                    
     4656 мс вызовов   1 ClCompile                               
